Arguments: 
  /usr/local/Cellar/node/7.2.0/bin/node /usr/local/bin/yarn add react-native --exact

PATH: 
  /usr/local/bin:/usr/bin:/bin:/usr/sbin:/sbin

Yarn version: 
  0.17.9

Node version: 
  7.2.0

Platform: 
  darwin x64

npm manifest: 
  {"name":"ReactNativeAppDemo","version":"0.0.1","private":true,"scripts":{"start":"node node_modules/react-native/local-cli/cli.js start"}}

yarn manifest: 
  No manifest

Lockfile: 
  No lockfile

Trace: 
  Error: read ETIMEDOUT
      at exports._errnoException (util.js:1022:11)
      at TLSWrap.onread (net.js:572:26)
